log file "example2.log" opened
  Start -- DynamicArray::DynamicArray(int)
  param: int address:0x7ffccff05f24 value:5
  DynamicArray::DynamicArray(int) at line 10  :at the beginning of the  constructor the pointer data is (nil) 
  DynamicArray::DynamicArray(int) at line 12  :setting the pointer "data" to a new array of size 5 
  DynamicArray::DynamicArray(int) at line 15  :at the end  of the  constructor the pointer data is 0x1fe8018   , it should be different than what it was
  End --DynamicArray::DynamicArray(int)
  param: int address:0x7ffccff05f24 value:5


  Start -- bool DynamicArray::SetValue(std::string, int)
  param: std::string address:0x7ffccff060c0 value:Homer
  param: int address:0x7ffccff05fdc value:-1
  End frame(1)--bool DynamicArray::SetValue(std::string, int) at line 49
Return Value:false

  Start -- bool DynamicArray::SetValue(std::string, int)
  param: std::string address:0x7ffccff060d0 value:Homer
  param: int address:0x7ffccff05fdc value:5
  End frame(1)--bool DynamicArray::SetValue(std::string, int) at line 49
Return Value:false

  Start -- std::string DynamicArray::ToString()
  End frame(1)--std::string DynamicArray::ToString() at line 39
Return Value:capacity: 5
data[0] value: 
data[1] value: 
data[2] value: 
data[3] value: 
data[4] value: 


  Start -- bool DynamicArray::SetValue(std::string, int)
  param: std::string address:0x7ffccff060f0 value:Homer
  param: int address:0x7ffccff05fdc value:0
  End frame(1)--bool DynamicArray::SetValue(std::string, int) at line 54
Return Value:true

  Start -- bool DynamicArray::SetValue(std::string, int)
  param: std::string address:0x7ffccff06100 value:Marge
  param: int address:0x7ffccff05fdc value:1
  End frame(1)--bool DynamicArray::SetValue(std::string, int) at line 54
Return Value:true

  Start -- bool DynamicArray::SetValue(std::string, int)
  param: std::string address:0x7ffccff06110 value:Bart
  param: int address:0x7ffccff05fdc value:2
  End frame(1)--bool DynamicArray::SetValue(std::string, int) at line 54
Return Value:true

  Start -- bool DynamicArray::SetValue(std::string, int)
  param: std::string address:0x7ffccff06120 value:Lisa
  param: int address:0x7ffccff05fdc value:3
  End frame(1)--bool DynamicArray::SetValue(std::string, int) at line 54
Return Value:true

  Start -- bool DynamicArray::SetValue(std::string, int)
  param: std::string address:0x7ffccff06130 value:Maggie
  param: int address:0x7ffccff05fdc value:4
  End frame(1)--bool DynamicArray::SetValue(std::string, int) at line 54
Return Value:true

  Start -- bool DynamicArray::SetValue(std::string, int)
  param: std::string address:0x7ffccff06140 value:Apu
  param: int address:0x7ffccff05fdc value:5
  End frame(1)--bool DynamicArray::SetValue(std::string, int) at line 49
Return Value:false

  Start -- std::string DynamicArray::ToString()
  End frame(1)--std::string DynamicArray::ToString() at line 39
Return Value:capacity: 5
data[0] value: Homer
data[1] value: Marge
data[2] value: Bart
data[3] value: Lisa
data[4] value: Maggie


  Start -- bool DynamicArray::SetValue(std::string, int)
  param: std::string address:0x7ffccff06180 value:Manjula
  param: int address:0x7ffccff05fdc value:0
  End frame(1)--bool DynamicArray::SetValue(std::string, int) at line 54
Return Value:true

  Start -- std::string DynamicArray::ToString()
  End frame(1)--std::string DynamicArray::ToString() at line 39
Return Value:capacity: 5
data[0] value: Manjula
data[1] value: Marge
data[2] value: Bart
data[3] value: Lisa
data[4] value: Maggie


  Start -- DynamicArray::~DynamicArray()
  DynamicArray::~DynamicArray() at line 22  :calling delete[] on the pointer "data"   End --DynamicArray::~DynamicArray()


