log file "example1.log" opened
  Start -- StaticArray::StaticArray()
  End --StaticArray::StaticArray()


  Start -- bool StaticArray::SetValue(std::string, int)
  param: std::string address:0x7ffca9621380 value:Homer
  param: int address:0x7ffca962127c value:-1
  End frame(1)--bool StaticArray::SetValue(std::string, int) at line 42
Return Value:false

  Start -- bool StaticArray::SetValue(std::string, int)
  param: std::string address:0x7ffca9621390 value:Homer
  param: int address:0x7ffca962127c value:5
  End frame(1)--bool StaticArray::SetValue(std::string, int) at line 42
Return Value:false

  Start -- std::string StaticArray::ToString()
  End frame(1)--std::string StaticArray::ToString() at line 29
Return Value:data[0] value: 
data[1] value: 
data[2] value: 
data[3] value: 
data[4] value: 


  Start -- bool StaticArray::SetValue(std::string, int)
  param: std::string address:0x7ffca96213b0 value:Homer
  param: int address:0x7ffca962127c value:0
  End frame(1)--bool StaticArray::SetValue(std::string, int) at line 47
Return Value:true

  Start -- bool StaticArray::SetValue(std::string, int)
  param: std::string address:0x7ffca96213c0 value:Marge
  param: int address:0x7ffca962127c value:1
  End frame(1)--bool StaticArray::SetValue(std::string, int) at line 47
Return Value:true

  Start -- bool StaticArray::SetValue(std::string, int)
  param: std::string address:0x7ffca96213d0 value:Bart
  param: int address:0x7ffca962127c value:2
  End frame(1)--bool StaticArray::SetValue(std::string, int) at line 47
Return Value:true

  Start -- bool StaticArray::SetValue(std::string, int)
  param: std::string address:0x7ffca96213e0 value:Lisa
  param: int address:0x7ffca962127c value:3
  End frame(1)--bool StaticArray::SetValue(std::string, int) at line 47
Return Value:true

  Start -- bool StaticArray::SetValue(std::string, int)
  param: std::string address:0x7ffca96213f0 value:Maggie
  param: int address:0x7ffca962127c value:4
  End frame(1)--bool StaticArray::SetValue(std::string, int) at line 47
Return Value:true

  Start -- bool StaticArray::SetValue(std::string, int)
  param: std::string address:0x7ffca9621400 value:Apu
  param: int address:0x7ffca962127c value:5
  End frame(1)--bool StaticArray::SetValue(std::string, int) at line 42
Return Value:false

  Start -- std::string StaticArray::ToString()
  End frame(1)--std::string StaticArray::ToString() at line 29
Return Value:data[0] value: Homer
data[1] value: Marge
data[2] value: Bart
data[3] value: Lisa
data[4] value: Maggie


  Start -- bool StaticArray::SetValue(std::string, int)
  param: std::string address:0x7ffca9621440 value:Manjula
  param: int address:0x7ffca962127c value:0
  End frame(1)--bool StaticArray::SetValue(std::string, int) at line 47
Return Value:true

  Start -- std::string StaticArray::ToString()
  End frame(1)--std::string StaticArray::ToString() at line 29
Return Value:data[0] value: Manjula
data[1] value: Marge
data[2] value: Bart
data[3] value: Lisa
data[4] value: Maggie


  Start -- StaticArray::~StaticArray()
  End --StaticArray::~StaticArray()


