log file "main1.log" opened
  Start -- StaticArray::StaticArray()
  End --StaticArray::StaticArray()


  Start -- bool StaticArray::SetValue(std::string, int)
  param: std::string address:0x7ffcf1481540 value:Homer
  param: int address:0x7ffcf148142c value:-1
  End frame(1)--bool StaticArray::SetValue(std::string, int) at line 50
Return Value:false

  Start -- bool StaticArray::SetValue(std::string, int)
  param: std::string address:0x7ffcf1481550 value:Homer
  param: int address:0x7ffcf148142c value:5
  End frame(1)--bool StaticArray::SetValue(std::string, int) at line 50
Return Value:false

  Start -- std::string StaticArray::ToString()
  End frame(1)--std::string StaticArray::ToString() at line 32
Return Value:data[0] value: 
data[1] value: 
data[2] value: 
data[3] value: 
data[4] value: 


  Start -- bool StaticArray::SetValue(std::string, int)
  param: std::string address:0x7ffcf1481570 value:Homer
  param: int address:0x7ffcf148142c value:0
  End frame(1)--bool StaticArray::SetValue(std::string, int) at line 50
Return Value:true

  Start -- bool StaticArray::SetValue(std::string, int)
  param: std::string address:0x7ffcf1481580 value:Marge
  param: int address:0x7ffcf148142c value:1
  End frame(1)--bool StaticArray::SetValue(std::string, int) at line 50
Return Value:true

  Start -- bool StaticArray::SetValue(std::string, int)
  param: std::string address:0x7ffcf1481590 value:Bart
  param: int address:0x7ffcf148142c value:2
  End frame(1)--bool StaticArray::SetValue(std::string, int) at line 50
Return Value:true

  Start -- bool StaticArray::SetValue(std::string, int)
  param: std::string address:0x7ffcf14815a0 value:Lisa
  param: int address:0x7ffcf148142c value:3
  End frame(1)--bool StaticArray::SetValue(std::string, int) at line 50
Return Value:true

  Start -- bool StaticArray::SetValue(std::string, int)
  param: std::string address:0x7ffcf14815b0 value:Maggie
  param: int address:0x7ffcf148142c value:4
  End frame(1)--bool StaticArray::SetValue(std::string, int) at line 50
Return Value:true

  Start -- bool StaticArray::SetValue(std::string, int)
  param: std::string address:0x7ffcf14815c0 value:Apu
  param: int address:0x7ffcf148142c value:5
  End frame(1)--bool StaticArray::SetValue(std::string, int) at line 50
Return Value:false

  Start -- std::string StaticArray::ToString()
  End frame(1)--std::string StaticArray::ToString() at line 32
Return Value:data[0] value: Homer
data[1] value: Marge
data[2] value: Bart
data[3] value: Lisa
data[4] value: Maggie


  Start -- bool StaticArray::SetValue(std::string, int)
  param: std::string address:0x7ffcf1481600 value:Manjula
  param: int address:0x7ffcf148142c value:0
  End frame(1)--bool StaticArray::SetValue(std::string, int) at line 50
Return Value:true

  Start -- std::string StaticArray::ToString()
  End frame(1)--std::string StaticArray::ToString() at line 32
Return Value:data[0] value: Manjula
data[1] value: Marge
data[2] value: Bart
data[3] value: Lisa
data[4] value: Maggie


  Start -- StaticArray::~StaticArray()
  End --StaticArray::~StaticArray()


