log file "main4.log" opened
  Start -- Queue::Queue()
  End --Queue::Queue()


  Start -- std::string Queue::ToString()
    Start -- bool Queue::full()
    End frame(2)--bool Queue::full() at line 93
Return Value:false

    Start -- bool Queue::empty()
    End frame(2)--bool Queue::empty() at line 77
Return Value:true

    Start -- int Queue::size()
    End frame(2)--int Queue::size() at line 42
Return Value:0

  End frame(1)--std::string Queue::ToString() at line 179
Return Value:backIndex: 0
size(): 0
empty(): true
full(): false


  Start -- bool Queue::enQueue(std::string)
    Start -- bool Queue::full()
    End frame(2)--bool Queue::full() at line 93
Return Value:false

  End frame(1)--bool Queue::enQueue(std::string) at line 112
Return Value:true

  Start -- bool Queue::enQueue(std::string)
    Start -- bool Queue::full()
    End frame(2)--bool Queue::full() at line 93
Return Value:false

  End frame(1)--bool Queue::enQueue(std::string) at line 112
Return Value:true

  Start -- bool Queue::enQueue(std::string)
    Start -- bool Queue::full()
    End frame(2)--bool Queue::full() at line 93
Return Value:false

  End frame(1)--bool Queue::enQueue(std::string) at line 112
Return Value:true

  Start -- bool Queue::enQueue(std::string)
    Start -- bool Queue::full()
    End frame(2)--bool Queue::full() at line 93
Return Value:false

  End frame(1)--bool Queue::enQueue(std::string) at line 112
Return Value:true

  Start -- bool Queue::enQueue(std::string)
    Start -- bool Queue::full()
    End frame(2)--bool Queue::full() at line 93
Return Value:false

  End frame(1)--bool Queue::enQueue(std::string) at line 112
Return Value:true

  Start -- bool Queue::enQueue(std::string)
    Start -- bool Queue::full()
    End frame(2)--bool Queue::full() at line 93
Return Value:false

  End frame(1)--bool Queue::enQueue(std::string) at line 112
Return Value:true

  Start -- bool Queue::enQueue(std::string)
    Start -- bool Queue::full()
    End frame(2)--bool Queue::full() at line 93
Return Value:false

  End frame(1)--bool Queue::enQueue(std::string) at line 112
Return Value:true

  Start -- bool Queue::enQueue(std::string)
    Start -- bool Queue::full()
    End frame(2)--bool Queue::full() at line 93
Return Value:false

  End frame(1)--bool Queue::enQueue(std::string) at line 112
Return Value:true

  Start -- std::string Queue::ToString()
    Start -- bool Queue::full()
    End frame(2)--bool Queue::full() at line 93
Return Value:false

    Start -- bool Queue::empty()
    End frame(2)--bool Queue::empty() at line 77
Return Value:false

    Start -- int Queue::size()
    End frame(2)--int Queue::size() at line 42
Return Value:8

  End frame(1)--std::string Queue::ToString() at line 179
Return Value:backIndex: 8
size(): 8
empty(): false
full(): false
data[0]: address: 0x7fff5b3124c0value: The
data[1]: address: 0x7fff5b3124c8value: queue
data[2]: address: 0x7fff5b3124d0value: is
data[3]: address: 0x7fff5b3124d8value: FIFO
data[4]: address: 0x7fff5b3124e0value: first
data[5]: address: 0x7fff5b3124e8value: in
data[6]: address: 0x7fff5b3124f0value: first
data[7]: address: 0x7fff5b3124f8value: out


  Start -- bool Queue::enQueue(std::string)
    Start -- bool Queue::full()
    End frame(2)--bool Queue::full() at line 93
Return Value:false

  End frame(1)--bool Queue::enQueue(std::string) at line 112
Return Value:true

  Start -- bool Queue::enQueue(std::string)
    Start -- bool Queue::full()
    End frame(2)--bool Queue::full() at line 93
Return Value:false

  End frame(1)--bool Queue::enQueue(std::string) at line 112
Return Value:true

  Start -- bool Queue::enQueue(std::string)
    Start -- bool Queue::full()
    End frame(2)--bool Queue::full() at line 93
Return Value:true

  End frame(1)--bool Queue::enQueue(std::string) at line 112
Return Value:false

  Start -- bool Queue::enQueue(std::string)
    Start -- bool Queue::full()
    End frame(2)--bool Queue::full() at line 93
Return Value:true

  End frame(1)--bool Queue::enQueue(std::string) at line 112
Return Value:false

  Start -- bool Queue::enQueue(std::string)
    Start -- bool Queue::full()
    End frame(2)--bool Queue::full() at line 93
Return Value:true

  End frame(1)--bool Queue::enQueue(std::string) at line 112
Return Value:false

  Start -- bool Queue::deQueue()
    Start -- bool Queue::empty()
    End frame(2)--bool Queue::empty() at line 77
Return Value:false

  End frame(1)--bool Queue::deQueue() at line 138
Return Value:true

  Start -- bool Queue::deQueue()
    Start -- bool Queue::empty()
    End frame(2)--bool Queue::empty() at line 77
Return Value:false

  End frame(1)--bool Queue::deQueue() at line 138
Return Value:true

  Start -- bool Queue::enQueue(std::string)
    Start -- bool Queue::full()
    End frame(2)--bool Queue::full() at line 93
Return Value:false

  End frame(1)--bool Queue::enQueue(std::string) at line 112
Return Value:true

  Start -- bool Queue::enQueue(std::string)
    Start -- bool Queue::full()
    End frame(2)--bool Queue::full() at line 93
Return Value:false

  End frame(1)--bool Queue::enQueue(std::string) at line 112
Return Value:true

  Start -- bool Queue::deQueue()
    Start -- bool Queue::empty()
    End frame(2)--bool Queue::empty() at line 77
Return Value:false

  End frame(1)--bool Queue::deQueue() at line 138
Return Value:true

  Start -- bool Queue::deQueue()
    Start -- bool Queue::empty()
    End frame(2)--bool Queue::empty() at line 77
Return Value:false

  End frame(1)--bool Queue::deQueue() at line 138
Return Value:true

  Start -- bool Queue::deQueue()
    Start -- bool Queue::empty()
    End frame(2)--bool Queue::empty() at line 77
Return Value:false

  End frame(1)--bool Queue::deQueue() at line 138
Return Value:true

  Start -- bool Queue::deQueue()
    Start -- bool Queue::empty()
    End frame(2)--bool Queue::empty() at line 77
Return Value:false

  End frame(1)--bool Queue::deQueue() at line 138
Return Value:true

  Start -- bool Queue::deQueue()
    Start -- bool Queue::empty()
    End frame(2)--bool Queue::empty() at line 77
Return Value:false

  End frame(1)--bool Queue::deQueue() at line 138
Return Value:true

  Start -- std::string Queue::ToString()
    Start -- bool Queue::full()
    End frame(2)--bool Queue::full() at line 93
Return Value:false

    Start -- bool Queue::empty()
    End frame(2)--bool Queue::empty() at line 77
Return Value:false

    Start -- int Queue::size()
    End frame(2)--int Queue::size() at line 42
Return Value:5

  End frame(1)--std::string Queue::ToString() at line 179
Return Value:backIndex: 5
size(): 5
empty(): false
full(): false
data[0]: address: 0x7fff5b3124c0value: out
data[1]: address: 0x7fff5b3124c8value: of
data[2]: address: 0x7fff5b3124d0value: sight
data[3]: address: 0x7fff5b3124d8value: It
data[4]: address: 0x7fff5b3124e0value: works


  Start -- Queue::~Queue()
  End --Queue::~Queue()


