log file "main3.log" opened
  Start -- Stack::Stack(int)
  param: int address:0x7ffced99a964 value:8
  End --Stack::Stack(int)
  param: int address:0x7ffced99a964 value:8


  Start -- bool Stack::Push(int)
  param: int address:0x7ffced99a9f4 value:0
    Start -- bool Stack::isFull()
    End frame(2)--bool Stack::isFull() at line 62
Return Value:false

  End frame(1)--bool Stack::Push(int) at line 88
Return Value:true

  Start -- bool Stack::Push(int)
  param: int address:0x7ffced99a9f4 value:1
    Start -- bool Stack::isFull()
    End frame(2)--bool Stack::isFull() at line 62
Return Value:false

  End frame(1)--bool Stack::Push(int) at line 88
Return Value:true

  Start -- bool Stack::Push(int)
  param: int address:0x7ffced99a9f4 value:2
    Start -- bool Stack::isFull()
    End frame(2)--bool Stack::isFull() at line 62
Return Value:false

  End frame(1)--bool Stack::Push(int) at line 88
Return Value:true

  Start -- bool Stack::Push(int)
  param: int address:0x7ffced99a9f4 value:3
    Start -- bool Stack::isFull()
    End frame(2)--bool Stack::isFull() at line 62
Return Value:false

  End frame(1)--bool Stack::Push(int) at line 88
Return Value:true

  Start -- bool Stack::Push(int)
  param: int address:0x7ffced99a9f4 value:4
    Start -- bool Stack::isFull()
    End frame(2)--bool Stack::isFull() at line 62
Return Value:false

  End frame(1)--bool Stack::Push(int) at line 88
Return Value:true

  Start -- bool Stack::Push(int)
  param: int address:0x7ffced99a9f4 value:5
    Start -- bool Stack::isFull()
    End frame(2)--bool Stack::isFull() at line 62
Return Value:false

  End frame(1)--bool Stack::Push(int) at line 88
Return Value:true

  Start -- bool Stack::Push(int)
  param: int address:0x7ffced99a9f4 value:6
    Start -- bool Stack::isFull()
    End frame(2)--bool Stack::isFull() at line 62
Return Value:false

  End frame(1)--bool Stack::Push(int) at line 88
Return Value:true

  Start -- bool Stack::Push(int)
  param: int address:0x7ffced99a9f4 value:7
    Start -- bool Stack::isFull()
    End frame(2)--bool Stack::isFull() at line 62
Return Value:false

  End frame(1)--bool Stack::Push(int) at line 88
Return Value:true

  Start -- bool Stack::Push(int)
  param: int address:0x7ffced99a9f4 value:8
    Start -- bool Stack::isFull()
    End frame(2)--bool Stack::isFull() at line 62
Return Value:true

  End frame(1)--bool Stack::Push(int) at line 88
Return Value:false

  Start -- bool Stack::Push(int)
  param: int address:0x7ffced99a9f4 value:9
    Start -- bool Stack::isFull()
    End frame(2)--bool Stack::isFull() at line 62
Return Value:true

  End frame(1)--bool Stack::Push(int) at line 88
Return Value:false

