log file "example.log" opened
  Start -- void demo<T>::setData(T) [with T = int]
  param: int address:0x7fffc8aa41e4 value:99
  End --void demo<T>::setData(T) [with T = int]
  param: int address:0x7fffc8aa41e4 value:99


  Start -- T demo<T>::getData() [with T = int]
  End frame(1)--T demo<T>::getData() [with T = int] at line 14
Return Value:99

  Start -- std::ostream& operator<<(std::ostream&, demo<int>&)
  param: std::ostream address:0x60e680 value:cant display value of std::ostream
  param: demo<int> address:0x7fffc8aa4380 value:unknown type <demo<int>>, cant display value try converting it to a string or overoad ostream << 

  End frame(1)--std::ostream& operator<<(std::ostream&, demo<int>&) at line 36
Return Value:cant display value of std::ostream

  Start -- void demo<T>::setData(T) [with T = double]
  param: double address:0x7fffc8aa41e0 value:99.99
  End --void demo<T>::setData(T) [with T = double]
  param: double address:0x7fffc8aa41e0 value:99.99


  Start -- T demo<T>::getData() [with T = double]
  End frame(1)--T demo<T>::getData() [with T = double] at line 14
Return Value:99.99

  Start -- std::ostream& operator<<(std::ostream&, demo<double>&)
  param: std::ostream address:0x60e680 value:cant display value of std::ostream
  param: demo<double> address:0x7fffc8aa4370 value:unknown type <demo<double>>, cant display value try converting it to a string or overoad ostream << 

  End frame(1)--std::ostream& operator<<(std::ostream&, demo<double>&) at line 36
Return Value:cant display value of std::ostream

  Start -- void demo<T>::setData(T) [with T = std::basic_string<char>]
  param: std::string address:0x7fffc8aa4390 value:monkey
  End --void demo<T>::setData(T) [with T = std::basic_string<char>]
  param: std::string address:0x7fffc8aa4390 value:monkey


  Start -- T demo<T>::getData() [with T = std::basic_string<char>]
  End frame(1)--T demo<T>::getData() [with T = std::basic_string<char>] at line 14
Return Value:monkey

  Start -- std::ostream& operator<<(std::ostream&, demo<std::basic_string<char> >&)
  param: std::ostream address:0x60e680 value:cant display value of std::ostream
  param: demo<std::string> address:0x7fffc8aa4360 value:unknown type <demo<std::string>>, cant display value try converting it to a string or overoad ostream << 

  End frame(1)--std::ostream& operator<<(std::ostream&, demo<std::basic_string<char> >&) at line 36
Return Value:cant display value of std::ostream

