log file "example1.log" opened
  Start -- static int Computer::GetCount()
  End frame(1)--static int Computer::GetCount() at line 69
Return Value:0

  Start -- Computer::Computer(int, double, int, int, std::string)
  param: int address:0x7ffc7ff109d4 value:4
  param: double address:0x7ffc7ff109c8 value:1.6
  param: int address:0x7ffc7ff109d0 value:500
  param: int address:0x7ffc7ff109c4 value:4
  param: std::string address:0x7ffc7ff10bb0 value:Pentium N3700
  Computer::Computer(int, double, int, int, std::string) at line 22  :incrementing the count
  End --Computer::Computer(int, double, int, int, std::string)
  param: int address:0x7ffc7ff109d4 value:4
  param: double address:0x7ffc7ff109c8 value:1.6
  param: int address:0x7ffc7ff109d0 value:500
  param: int address:0x7ffc7ff109c4 value:4
  param: std::string address:0x7ffc7ff10bb0 value:Pentium N3700


  Start -- static int Computer::GetCount()
  End frame(1)--static int Computer::GetCount() at line 69
Return Value:1

  Start -- Computer::Computer(int, double, int, int, std::string)
  param: int address:0x7ffc7ff109d4 value:4
  param: double address:0x7ffc7ff109c8 value:1.6
  param: int address:0x7ffc7ff109d0 value:1000
  param: int address:0x7ffc7ff109c4 value:8
  param: std::string address:0x7ffc7ff10bc0 value:Pentium N3700
  Computer::Computer(int, double, int, int, std::string) at line 22  :incrementing the count
  End --Computer::Computer(int, double, int, int, std::string)
  param: int address:0x7ffc7ff109d4 value:4
  param: double address:0x7ffc7ff109c8 value:1.6
  param: int address:0x7ffc7ff109d0 value:1000
  param: int address:0x7ffc7ff109c4 value:8
  param: std::string address:0x7ffc7ff10bc0 value:Pentium N3700


  Start -- static int Computer::GetCount()
  End frame(1)--static int Computer::GetCount() at line 69
Return Value:2

  Start -- Computer::Computer(int, double, int, int, std::string)
  param: int address:0x7ffc7ff109d4 value:6
  param: double address:0x7ffc7ff109c8 value:2.4
  param: int address:0x7ffc7ff109d0 value:2000
  param: int address:0x7ffc7ff109c4 value:32
  param: std::string address:0x7ffc7ff10bd0 value:Xeon E5645
  Computer::Computer(int, double, int, int, std::string) at line 22  :incrementing the count
  End --Computer::Computer(int, double, int, int, std::string)
  param: int address:0x7ffc7ff109d4 value:6
  param: double address:0x7ffc7ff109c8 value:2.4
  param: int address:0x7ffc7ff109d0 value:2000
  param: int address:0x7ffc7ff109c4 value:32
  param: std::string address:0x7ffc7ff10bd0 value:Xeon E5645


  Start -- static int Computer::GetCount()
  End frame(1)--static int Computer::GetCount() at line 69
Return Value:3

  Start -- std::string Computer::ToString()
  End frame(1)--std::string Computer::ToString() at line 61
Return Value:1.6 Ghz Pentium N3700 4 Cores
500 Gb disk
4 Gb ram


  Start -- std::string Computer::ToString()
  End frame(1)--std::string Computer::ToString() at line 61
Return Value:1.6 Ghz Pentium N3700 4 Cores
1000 Gb disk
8 Gb ram


  Start -- std::string Computer::ToString()
  End frame(1)--std::string Computer::ToString() at line 61
Return Value:2.4 Ghz Xeon E5645 6 Cores
2000 Gb disk
32 Gb ram


  Start -- bool Greater(const Computer&, const Computer&)
  param: Computer address:0x7ffc7ff10b50 value:unknown type <Computer>, cant display value try converting it to a string or overoad ostream << 

  param: Computer address:0x7ffc7ff10b70 value:unknown type <Computer>, cant display value try converting it to a string or overoad ostream << 

  End frame(1)--bool Greater(const Computer&, const Computer&) at line 77
Return Value:false

  Start -- bool Less(const Computer&, const Computer&)
  param: Computer address:0x7ffc7ff10b50 value:unknown type <Computer>, cant display value try converting it to a string or overoad ostream << 

  param: Computer address:0x7ffc7ff10b70 value:unknown type <Computer>, cant display value try converting it to a string or overoad ostream << 

  End frame(1)--bool Less(const Computer&, const Computer&) at line 86
Return Value:false

  Start -- bool Equal(const Computer&, const Computer&)
  param: Computer address:0x7ffc7ff10b50 value:unknown type <Computer>, cant display value try converting it to a string or overoad ostream << 

  param: Computer address:0x7ffc7ff10b70 value:unknown type <Computer>, cant display value try converting it to a string or overoad ostream << 

  End frame(1)--bool Equal(const Computer&, const Computer&) at line 95
Return Value:true

  Start -- bool Greater(const Computer&, const Computer&)
  param: Computer address:0x7ffc7ff10b50 value:unknown type <Computer>, cant display value try converting it to a string or overoad ostream << 

  param: Computer address:0x7ffc7ff10b90 value:unknown type <Computer>, cant display value try converting it to a string or overoad ostream << 

  End frame(1)--bool Greater(const Computer&, const Computer&) at line 77
Return Value:false

  Start -- bool Less(const Computer&, const Computer&)
  param: Computer address:0x7ffc7ff10b50 value:unknown type <Computer>, cant display value try converting it to a string or overoad ostream << 

  param: Computer address:0x7ffc7ff10b90 value:unknown type <Computer>, cant display value try converting it to a string or overoad ostream << 

  End frame(1)--bool Less(const Computer&, const Computer&) at line 86
Return Value:true

  Start -- bool Equal(const Computer&, const Computer&)
  param: Computer address:0x7ffc7ff10b50 value:unknown type <Computer>, cant display value try converting it to a string or overoad ostream << 

  param: Computer address:0x7ffc7ff10b90 value:unknown type <Computer>, cant display value try converting it to a string or overoad ostream << 

  End frame(1)--bool Equal(const Computer&, const Computer&) at line 95
Return Value:false

  Start -- bool Greater(const Computer&, const Computer&)
  param: Computer address:0x7ffc7ff10b90 value:unknown type <Computer>, cant display value try converting it to a string or overoad ostream << 

  param: Computer address:0x7ffc7ff10b50 value:unknown type <Computer>, cant display value try converting it to a string or overoad ostream << 

  End frame(1)--bool Greater(const Computer&, const Computer&) at line 77
Return Value:true

  Start -- bool Less(const Computer&, const Computer&)
  param: Computer address:0x7ffc7ff10b90 value:unknown type <Computer>, cant display value try converting it to a string or overoad ostream << 

  param: Computer address:0x7ffc7ff10b50 value:unknown type <Computer>, cant display value try converting it to a string or overoad ostream << 

  End frame(1)--bool Less(const Computer&, const Computer&) at line 86
Return Value:false

  Start -- bool Equal(const Computer&, const Computer&)
  param: Computer address:0x7ffc7ff10b90 value:unknown type <Computer>, cant display value try converting it to a string or overoad ostream << 

  param: Computer address:0x7ffc7ff10b50 value:unknown type <Computer>, cant display value try converting it to a string or overoad ostream << 

  End frame(1)--bool Equal(const Computer&, const Computer&) at line 95
Return Value:false

  Start -- Computer::~Computer()
  Computer::~Computer() at line 48  :incrementing the count
  End --Computer::~Computer()


  Start -- Computer::~Computer()
  Computer::~Computer() at line 48  :incrementing the count
  End --Computer::~Computer()


  Start -- Computer::~Computer()
  Computer::~Computer() at line 48  :incrementing the count
  End --Computer::~Computer()


  Start -- static int Computer::GetCount()
  End frame(1)--static int Computer::GetCount() at line 69
Return Value:0

