log file "main1.log" opened
  Start -- static int Computer::GetCount()
  End frame(1)--static int Computer::GetCount() at line 68
Return Value:0

  Start -- Computer::Computer(int, double, int, int, std::string)
  param: int address:0x7ffc9ed201a4 value:4
  param: double address:0x7ffc9ed20198 value:1.6
  param: int address:0x7ffc9ed201a0 value:500
  param: int address:0x7ffc9ed20194 value:4
  param: std::string address:0x7ffc9ed20380 value:Pentium N3700
  End --Computer::Computer(int, double, int, int, std::string)
  param: int address:0x7ffc9ed201a4 value:4
  param: double address:0x7ffc9ed20198 value:1.6
  param: int address:0x7ffc9ed201a0 value:500
  param: int address:0x7ffc9ed20194 value:4
  param: std::string address:0x7ffc9ed20380 value:Pentium N3700


  Start -- static int Computer::GetCount()
  End frame(1)--static int Computer::GetCount() at line 68
Return Value:1

  Start -- Computer::Computer(int, double, int, int, std::string)
  param: int address:0x7ffc9ed201a4 value:4
  param: double address:0x7ffc9ed20198 value:1.6
  param: int address:0x7ffc9ed201a0 value:1000
  param: int address:0x7ffc9ed20194 value:8
  param: std::string address:0x7ffc9ed20390 value:Pentium N3700
  End --Computer::Computer(int, double, int, int, std::string)
  param: int address:0x7ffc9ed201a4 value:4
  param: double address:0x7ffc9ed20198 value:1.6
  param: int address:0x7ffc9ed201a0 value:1000
  param: int address:0x7ffc9ed20194 value:8
  param: std::string address:0x7ffc9ed20390 value:Pentium N3700


  Start -- static int Computer::GetCount()
  End frame(1)--static int Computer::GetCount() at line 68
Return Value:2

  Start -- Computer::Computer(int, double, int, int, std::string)
  param: int address:0x7ffc9ed201a4 value:6
  param: double address:0x7ffc9ed20198 value:2.4
  param: int address:0x7ffc9ed201a0 value:2000
  param: int address:0x7ffc9ed20194 value:32
  param: std::string address:0x7ffc9ed203a0 value:Xeon E5645
  End --Computer::Computer(int, double, int, int, std::string)
  param: int address:0x7ffc9ed201a4 value:6
  param: double address:0x7ffc9ed20198 value:2.4
  param: int address:0x7ffc9ed201a0 value:2000
  param: int address:0x7ffc9ed20194 value:32
  param: std::string address:0x7ffc9ed203a0 value:Xeon E5645


  Start -- static int Computer::GetCount()
  End frame(1)--static int Computer::GetCount() at line 68
Return Value:3

  Start -- std::string Computer::ToString()
  End frame(1)--std::string Computer::ToString() at line 62
Return Value:1.6 Ghz Pentium N3700 4 Cores
500 Gb disk
4 Gb ram


  Start -- std::string Computer::ToString()
  End frame(1)--std::string Computer::ToString() at line 62
Return Value:1.6 Ghz Pentium N3700 4 Cores
1000 Gb disk
8 Gb ram


  Start -- std::string Computer::ToString()
  End frame(1)--std::string Computer::ToString() at line 62
Return Value:2.4 Ghz Xeon E5645 6 Cores
2000 Gb disk
32 Gb ram


  Start -- bool Greater(const Computer&, const Computer&)
  param: Computer address:0x7ffc9ed20320 value:unknown type <Computer>, cant display value try converting it to a string or overoad ostream << 

  param: Computer address:0x7ffc9ed20340 value:unknown type <Computer>, cant display value try converting it to a string or overoad ostream << 

  End frame(1)--bool Greater(const Computer&, const Computer&) at line 81
Return Value:false

  Start -- bool Less(const Computer&, const Computer&)
  param: Computer address:0x7ffc9ed20320 value:unknown type <Computer>, cant display value try converting it to a string or overoad ostream << 

  param: Computer address:0x7ffc9ed20340 value:unknown type <Computer>, cant display value try converting it to a string or overoad ostream << 

  End frame(1)--bool Less(const Computer&, const Computer&) at line 94
Return Value:false

  Start -- bool Equal(const Computer&, const Computer&)
  param: Computer address:0x7ffc9ed20320 value:unknown type <Computer>, cant display value try converting it to a string or overoad ostream << 

  param: Computer address:0x7ffc9ed20340 value:unknown type <Computer>, cant display value try converting it to a string or overoad ostream << 

  End frame(1)--bool Equal(const Computer&, const Computer&) at line 107
Return Value:true

  Start -- bool Greater(const Computer&, const Computer&)
  param: Computer address:0x7ffc9ed20320 value:unknown type <Computer>, cant display value try converting it to a string or overoad ostream << 

  param: Computer address:0x7ffc9ed20360 value:unknown type <Computer>, cant display value try converting it to a string or overoad ostream << 

  End frame(1)--bool Greater(const Computer&, const Computer&) at line 81
Return Value:false

  Start -- bool Less(const Computer&, const Computer&)
  param: Computer address:0x7ffc9ed20320 value:unknown type <Computer>, cant display value try converting it to a string or overoad ostream << 

  param: Computer address:0x7ffc9ed20360 value:unknown type <Computer>, cant display value try converting it to a string or overoad ostream << 

  End frame(1)--bool Less(const Computer&, const Computer&) at line 94
Return Value:true

  Start -- bool Equal(const Computer&, const Computer&)
  param: Computer address:0x7ffc9ed20320 value:unknown type <Computer>, cant display value try converting it to a string or overoad ostream << 

  param: Computer address:0x7ffc9ed20360 value:unknown type <Computer>, cant display value try converting it to a string or overoad ostream << 

  End frame(1)--bool Equal(const Computer&, const Computer&) at line 107
Return Value:false

  Start -- bool Greater(const Computer&, const Computer&)
  param: Computer address:0x7ffc9ed20360 value:unknown type <Computer>, cant display value try converting it to a string or overoad ostream << 

  param: Computer address:0x7ffc9ed20320 value:unknown type <Computer>, cant display value try converting it to a string or overoad ostream << 

  End frame(1)--bool Greater(const Computer&, const Computer&) at line 81
Return Value:true

  Start -- bool Less(const Computer&, const Computer&)
  param: Computer address:0x7ffc9ed20360 value:unknown type <Computer>, cant display value try converting it to a string or overoad ostream << 

  param: Computer address:0x7ffc9ed20320 value:unknown type <Computer>, cant display value try converting it to a string or overoad ostream << 

  End frame(1)--bool Less(const Computer&, const Computer&) at line 94
Return Value:false

  Start -- bool Equal(const Computer&, const Computer&)
  param: Computer address:0x7ffc9ed20360 value:unknown type <Computer>, cant display value try converting it to a string or overoad ostream << 

  param: Computer address:0x7ffc9ed20320 value:unknown type <Computer>, cant display value try converting it to a string or overoad ostream << 

  End frame(1)--bool Equal(const Computer&, const Computer&) at line 107
Return Value:false

  Start -- Computer::~Computer()
  End --Computer::~Computer()


  Start -- Computer::~Computer()
  End --Computer::~Computer()


  Start -- Computer::~Computer()
  End --Computer::~Computer()


  Start -- static int Computer::GetCount()
  End frame(1)--static int Computer::GetCount() at line 68
Return Value:0

